2025-06-23T22:11:07.278+03:00  INFO 19172 --- [main] c.awbd.musicshop.MusicShopApplication    : Starting MusicShopApplication using Java 21.0.2 with PID 19172 (D:\Alexandra2\master_bdts_ifr\anul1\semestrul2\awbd\MusicShop\target\classes started by alex2 in D:\Alexandra2\master_bdts_ifr\anul1\semestrul2\awbd\MusicShop)
2025-06-23T22:11:07.280+03:00  INFO 19172 --- [main] c.awbd.musicshop.MusicShopApplication    : The following 1 profile is active: "mysql"
2025-06-23T22:11:07.792+03:00  INFO 19172 --- [main] .s.d.r.c.RepositoryConfigurationDelegate : Bootstrapping Spring Data JPA repositories in DEFAULT mode.
2025-06-23T22:11:07.848+03:00  INFO 19172 --- [main] .s.d.r.c.RepositoryConfigurationDelegate : Finished Spring Data repository scanning in 51 ms. Found 5 JPA repository interfaces.
2025-06-23T22:11:08.383+03:00  INFO 19172 --- [main] o.s.b.w.embedded.tomcat.TomcatWebServer  : Tomcat initialized with port(s): 8080 (http)
2025-06-23T22:11:08.389+03:00  INFO 19172 --- [main] o.apache.catalina.core.StandardService   : Starting service [Tomcat]
2025-06-23T22:11:08.389+03:00  INFO 19172 --- [main] o.apache.catalina.core.StandardEngine    : Starting Servlet engine: [Apache Tomcat/10.1.15]
2025-06-23T22:11:08.469+03:00  INFO 19172 --- [main] o.a.c.c.C.[Tomcat].[localhost].[/]       : Initializing Spring embedded WebApplicationContext
2025-06-23T22:11:08.470+03:00  INFO 19172 --- [main] w.s.c.ServletWebServerApplicationContext : Root WebApplicationContext: initialization completed in 1147 ms
2025-06-23T22:11:08.602+03:00  INFO 19172 --- [main] o.hibernate.jpa.internal.util.LogHelper  : HHH000204: Processing PersistenceUnitInfo [name: default]
2025-06-23T22:11:08.651+03:00  INFO 19172 --- [main] org.hibernate.Version                    : HHH000412: Hibernate ORM core version 6.5.2.Final
2025-06-23T22:11:08.686+03:00  INFO 19172 --- [main] o.h.c.internal.RegionFactoryInitiator    : HHH000026: Second-level cache disabled
2025-06-23T22:11:08.911+03:00  INFO 19172 --- [main] o.s.o.j.p.SpringPersistenceUnitInfo      : No LoadTimeWeaver setup: ignoring JPA class transformer
2025-06-23T22:11:08.931+03:00  INFO 19172 --- [main] com.zaxxer.hikari.HikariDataSource       : HikariPool-1 - Starting...
2025-06-23T22:11:09.037+03:00  INFO 19172 --- [main] com.zaxxer.hikari.pool.HikariPool        : HikariPool-1 - Added connection com.mysql.cj.jdbc.ConnectionImpl@4809c771
2025-06-23T22:11:09.039+03:00  INFO 19172 --- [main] com.zaxxer.hikari.HikariDataSource       : HikariPool-1 - Start completed.
2025-06-23T22:11:09.087+03:00  WARN 19172 --- [main] org.hibernate.dialect.Dialect            : HHH000511: The 5.5.5 version for [org.hibernate.dialect.MySQLDialect] is no longer supported, hence certain features may not work properly. The minimum supported version is 8.0.0. Check the community dialects project for available legacy versions.
2025-06-23T22:11:09.979+03:00  INFO 19172 --- [main] o.h.e.t.j.p.i.JtaPlatformInitiator       : HHH000489: No JTA platform available (set 'hibernate.transaction.jta.platform' to enable JTA platform integration)
2025-06-23T22:11:10.087+03:00  INFO 19172 --- [main] j.LocalContainerEntityManagerFactoryBean : Initialized JPA EntityManagerFactory for persistence unit 'default'
2025-06-23T22:11:10.564+03:00  INFO 19172 --- [main] o.s.d.j.r.query.QueryEnhancerFactory     : Hibernate is in classpath; If applicable, HQL parser will be used.
2025-06-23T22:11:10.933+03:00  WARN 19172 --- [main] JpaBaseConfiguration$JpaWebConfiguration : spring.jpa.open-in-view is enabled by default. Therefore, database queries may be performed during view rendering. Explicitly configure spring.jpa.open-in-view to disable this warning
2025-06-23T22:11:11.575+03:00  INFO 19172 --- [main] o.s.s.web.DefaultSecurityFilterChain     : Will secure any request with [org.springframework.security.web.session.DisableEncodeUrlFilter@3597174b, org.springframework.security.web.context.request.async.WebAsyncManagerIntegrationFilter@24a38ef3, org.springframework.security.web.context.SecurityContextHolderFilter@39aa595, org.springframework.security.web.header.HeaderWriterFilter@339b9869, org.springframework.security.web.authentication.logout.LogoutFilter@7c5a7f, org.springframework.security.web.authentication.UsernamePasswordAuthenticationFilter@453c10c2, org.springframework.security.web.authentication.www.BasicAuthenticationFilter@489ec791, org.springframework.security.web.savedrequest.RequestCacheAwareFilter@3d707885, org.springframework.security.web.servletapi.SecurityContextHolderAwareRequestFilter@6eec564c, org.springframework.security.web.authentication.AnonymousAuthenticationFilter@4af32714, org.springframework.security.web.access.ExceptionTranslationFilter@75ee63f2, org.springframework.security.web.access.intercept.AuthorizationFilter@c4f6d5b]
2025-06-23T22:11:11.892+03:00  INFO 19172 --- [main] o.s.b.w.embedded.tomcat.TomcatWebServer  : Tomcat started on port(s): 8080 (http) with context path ''
2025-06-23T22:11:11.897+03:00  INFO 19172 --- [main] c.awbd.musicshop.MusicShopApplication    : Started MusicShopApplication in 5.001 seconds (process running for 5.681)
2025-06-23T22:11:12.217+03:00  INFO 19172 --- [http-nio-8080-exec-1] o.a.c.c.C.[Tomcat].[localhost].[/]       : Initializing Spring DispatcherServlet 'dispatcherServlet'
2025-06-23T22:11:12.217+03:00  INFO 19172 --- [http-nio-8080-exec-1] o.s.web.servlet.DispatcherServlet        : Initializing Servlet 'dispatcherServlet'
2025-06-23T22:11:12.218+03:00  INFO 19172 --- [http-nio-8080-exec-1] o.s.web.servlet.DispatcherServlet        : Completed initialization in 1 ms
2025-06-23T22:11:20.728+03:00  INFO 19172 --- [http-nio-8080-exec-6] c.a.m.s.security.JpaUserDetailsService   : com.awbd.musicshop.domain.User@3ae2e6dd
2025-06-23T22:11:20.831+03:00  INFO 19172 --- [http-nio-8080-exec-7] c.awbd.musicshop.aspects.LoggingAspect   : Entering method: Page com.awbd.musicshop.services.ProductServiceImpl.findAllPaged(Pageable) with arguments: [Page request [number: 0, size 5, sort: id: ASC]]
2025-06-23T22:11:20.882+03:00  INFO 19172 --- [http-nio-8080-exec-7] c.awbd.musicshop.aspects.LoggingAspect   : Exiting method: Page com.awbd.musicshop.services.ProductServiceImpl.findAllPaged(Pageable) with result: Page 1 of 2 containing com.awbd.musicshop.dtos.ProductDTO instances
2025-06-23T22:11:24.263+03:00  INFO 19172 --- [http-nio-8080-exec-5] c.awbd.musicshop.aspects.LoggingAspect   : Entering method: List com.awbd.musicshop.services.CategoryServiceImpl.findAll() with arguments: []
2025-06-23T22:11:24.267+03:00  INFO 19172 --- [http-nio-8080-exec-5] c.awbd.musicshop.aspects.LoggingAspect   : Exiting method: List com.awbd.musicshop.services.CategoryServiceImpl.findAll() with result: [com.awbd.musicshop.dtos.CategoryDTO@3fc0c561, com.awbd.musicshop.dtos.CategoryDTO@416f87f9, com.awbd.musicshop.dtos.CategoryDTO@63edd3e1]
2025-06-23T22:11:25.132+03:00  INFO 19172 --- [http-nio-8080-exec-9] c.awbd.musicshop.aspects.LoggingAspect   : Entering method: Page com.awbd.musicshop.services.ProductServiceImpl.findAllPaged(Pageable) with arguments: [Page request [number: 0, size 5, sort: id: ASC]]
2025-06-23T22:11:25.144+03:00  INFO 19172 --- [http-nio-8080-exec-9] c.awbd.musicshop.aspects.LoggingAspect   : Exiting method: Page com.awbd.musicshop.services.ProductServiceImpl.findAllPaged(Pageable) with result: Page 1 of 2 containing com.awbd.musicshop.dtos.ProductDTO instances
2025-06-23T22:11:26.379+03:00  INFO 19172 --- [http-nio-8080-exec-4] c.awbd.musicshop.aspects.LoggingAspect   : Entering method: Page com.awbd.musicshop.services.ProductServiceImpl.findAllPaged(Pageable) with arguments: [Page request [number: 1, size 5, sort: id: ASC]]
2025-06-23T22:11:26.389+03:00  INFO 19172 --- [http-nio-8080-exec-4] c.awbd.musicshop.aspects.LoggingAspect   : Exiting method: Page com.awbd.musicshop.services.ProductServiceImpl.findAllPaged(Pageable) with result: Page 2 of 2 containing com.awbd.musicshop.dtos.ProductDTO instances
2025-06-23T22:11:27.755+03:00  INFO 19172 --- [http-nio-8080-exec-5] c.awbd.musicshop.aspects.LoggingAspect   : Entering method: List com.awbd.musicshop.services.CategoryServiceImpl.findAll() with arguments: []
2025-06-23T22:11:27.759+03:00  INFO 19172 --- [http-nio-8080-exec-5] c.awbd.musicshop.aspects.LoggingAspect   : Exiting method: List com.awbd.musicshop.services.CategoryServiceImpl.findAll() with result: [com.awbd.musicshop.dtos.CategoryDTO@76e87c94, com.awbd.musicshop.dtos.CategoryDTO@58715dc8, com.awbd.musicshop.dtos.CategoryDTO@1755a5fe]
2025-06-23T22:11:36.804+03:00  INFO 19172 --- [http-nio-8080-exec-9] c.awbd.musicshop.aspects.LoggingAspect   : Entering method: ProductDTO com.awbd.musicshop.services.ProductServiceImpl.save(ProductDTO) with arguments: [com.awbd.musicshop.dtos.ProductDTO@78d8c8fe]
2025-06-23T22:11:36.804+03:00  INFO 19172 --- [http-nio-8080-exec-9] c.a.m.services.ProductServiceImpl        : Saving product: asdsa
2025-06-23T22:11:36.844+03:00  INFO 19172 --- [http-nio-8080-exec-9] c.awbd.musicshop.aspects.LoggingAspect   : Exiting method: ProductDTO com.awbd.musicshop.services.ProductServiceImpl.save(ProductDTO) with result: com.awbd.musicshop.dtos.ProductDTO@13c4913a
2025-06-23T22:11:36.860+03:00  INFO 19172 --- [http-nio-8080-exec-9] c.awbd.musicshop.aspects.LoggingAspect   : Entering method: Page com.awbd.musicshop.services.ProductServiceImpl.findAllPaged(Pageable) with arguments: [Page request [number: 0, size 5, sort: id: ASC]]
2025-06-23T22:11:36.872+03:00  INFO 19172 --- [http-nio-8080-exec-9] c.awbd.musicshop.aspects.LoggingAspect   : Exiting method: Page com.awbd.musicshop.services.ProductServiceImpl.findAllPaged(Pageable) with result: Page 1 of 2 containing com.awbd.musicshop.dtos.ProductDTO instances
2025-06-23T22:12:31.238+03:00  INFO 19172 --- [SpringApplicationShutdownHook] j.LocalContainerEntityManagerFactoryBean : Closing JPA EntityManagerFactory for persistence unit 'default'
2025-06-23T22:12:31.239+03:00  INFO 19172 --- [SpringApplicationShutdownHook] com.zaxxer.hikari.HikariDataSource       : HikariPool-1 - Shutdown initiated...
2025-06-23T22:12:31.245+03:00  INFO 19172 --- [SpringApplicationShutdownHook] com.zaxxer.hikari.HikariDataSource       : HikariPool-1 - Shutdown completed.
